2025-07-08 09:12:08.785 [http-nio-16731-exec-9] INFO  other - 用户id: test1 浏览-帖子id: 1
2025-07-08 09:18:18.837 [http-nio-16731-exec-10] INFO  other - 用户id: test1 浏览-帖子id: 1
2025-07-08 09:22:38.289 [http-nio-16731-exec-3] INFO  other - 用户id: test1 浏览-帖子id: 1
2025-07-08 09:23:10.599 [http-nio-16731-exec-5] INFO  other - 用户id: test1 浏览-帖子id: 1
2025-07-08 09:25:30.010 [http-nio-16731-exec-8] INFO  other - 用户id: test1 浏览-帖子id: 1
2025-07-08 09:27:47.905 [http-nio-16731-exec-2] INFO  other - 用户id: test1 浏览-帖子id: 1
2025-07-08 09:27:51.483 [http-nio-16731-exec-4] INFO  other - 用户id: test1 浏览-帖子id: 1
2025-07-08 09:33:35.500 [http-nio-16731-exec-4] INFO  other - 用户id: test1 浏览-帖子id: 1
2025-07-08 09:33:47.957 [http-nio-16731-exec-7] INFO  other - 用户id: test1 浏览-帖子id: 1
2025-07-08 09:34:36.580 [http-nio-16731-exec-6] INFO  other - 用户id: test1 浏览-帖子id: 1
2025-07-08 09:34:56.963 [http-nio-16731-exec-8] INFO  other - 用户id: test1 浏览-帖子id: 1
2025-07-08 09:35:43.464 [http-nio-16731-exec-1] INFO  other - 用户id: test1 浏览-帖子id: 1
2025-07-08 09:35:43.628 [http-nio-16731-exec-9] INFO  other - 用户id: test1 浏览-帖子id: 1
2025-07-08 09:36:07.357 [http-nio-16731-exec-2] INFO  other - 用户id: test1 浏览-帖子id: 1
2025-07-08 09:36:33.505 [http-nio-16731-exec-10] INFO  other - 用户id: test1 浏览-帖子id: 1
2025-07-08 09:36:58.983 [http-nio-16731-exec-3] INFO  other - 用户id: test1 浏览-帖子id: 1
2025-07-08 09:38:04.408 [http-nio-16731-exec-5] INFO  other - 用户id: test1 浏览-帖子id: 1
2025-07-08 09:38:29.138 [http-nio-16731-exec-7] INFO  other - 用户id: test1 浏览-帖子id: 1
2025-07-08 09:38:50.577 [http-nio-16731-exec-6] INFO  other - 用户id: test1 浏览-帖子id: 1
2025-07-08 09:39:18.941 [http-nio-16731-exec-8] INFO  other - 用户id: test1 浏览-帖子id: 1
2025-07-08 09:39:33.687 [http-nio-16731-exec-9] INFO  other - 用户id: test1 浏览-帖子id: 1
2025-07-08 09:39:59.291 [http-nio-16731-exec-2] INFO  other - 用户id: test1 浏览-帖子id: 1
2025-07-08 09:43:55.248 [http-nio-16731-exec-7] INFO  other - 用户id: test1 浏览-帖子id: 1
2025-07-08 09:46:03.324 [http-nio-16731-exec-2] INFO  other - 用户id: test1 浏览-帖子id: 1
2025-07-08 10:02:46.376 [http-nio-16731-exec-3] INFO  other - 用户id: null 浏览-帖子id: 1
2025-07-08 10:04:02.257 [http-nio-16731-exec-1] INFO  other - 用户id: null 浏览-帖子id: 1
2025-07-08 10:05:24.371 [http-nio-16731-exec-5] INFO  other - 用户id: test1 浏览-帖子id: 1
2025-07-08 10:05:34.324 [http-nio-16731-exec-4] INFO  other - 用户id: test1 浏览-帖子id: 1
2025-07-08 10:09:24.325 [http-nio-16731-exec-1] INFO  other - 用户id: null 浏览-帖子id: 1
2025-07-08 10:11:07.246 [http-nio-16731-exec-6] INFO  other - 用户id: test1 浏览-帖子id: 1
2025-07-08 10:11:11.911 [http-nio-16731-exec-7] INFO  other - 用户id: test1 点赞-帖子id: 1
2025-07-08 10:11:15.354 [http-nio-16731-exec-8] INFO  other - 用户id: test1 收藏-帖子id: 1
2025-07-08 10:11:44.899 [http-nio-16731-exec-5] INFO  other - 用户id: test1 浏览-帖子id: 1
2025-07-08 10:12:02.030 [http-nio-16731-exec-10] INFO  other - 用户id: test1 取消点赞-帖子id: 1
2025-07-08 10:12:05.354 [http-nio-16731-exec-1] INFO  other - 用户id: test1 取消收藏-帖子id: 1
2025-07-08 10:12:14.966 [http-nio-16731-exec-2] INFO  other - 用户id: test1 浏览-帖子id: 1
2025-07-08 10:12:24.639 [http-nio-16731-exec-4] INFO  other - 用户id: test1 点赞-帖子id: 1
2025-07-08 10:12:26.551 [http-nio-16731-exec-3] INFO  other - 用户id: test1 收藏-帖子id: 1
2025-07-08 10:12:29.016 [http-nio-16731-exec-9] INFO  other - 用户id: test1 浏览-帖子id: 1
2025-07-08 10:12:32.990 [http-nio-16731-exec-6] INFO  other - 用户id: test1 浏览-帖子id: 1
2025-07-08 10:13:00.778 [http-nio-16731-exec-7] INFO  other - 用户id: test1 取消点赞-帖子id: 1
2025-07-08 10:13:03.662 [http-nio-16731-exec-8] INFO  other - 用户id: test1 取消收藏-帖子id: 1
2025-07-08 10:13:08.492 [http-nio-16731-exec-5] INFO  other - 用户id: test1 浏览-帖子id: 1
2025-07-08 10:13:17.221 [http-nio-16731-exec-10] INFO  other - 用户id: test1 浏览-帖子id: 1
2025-07-08 10:13:44.794 [http-nio-16731-exec-1] INFO  other - 用户id: test1 浏览-帖子id: 1
2025-07-08 10:22:39.093 [http-nio-16731-exec-3] INFO  other - 用户id: test1 浏览-帖子id: 1
2025-07-08 10:22:53.887 [http-nio-16731-exec-10] INFO  other - 用户id: test1 点赞-帖子id: 1
2025-07-08 10:22:55.197 [http-nio-16731-exec-1] INFO  other - 用户id: test1 收藏-帖子id: 1
2025-07-08 10:23:02.504 [http-nio-16731-exec-5] INFO  other - 用户id: test1 浏览-帖子id: 1
2025-07-08 10:23:08.376 [http-nio-16731-exec-2] INFO  other - 用户id: test1 浏览-帖子id: 1
2025-07-08 10:23:13.224 [http-nio-16731-exec-9] INFO  other - 用户id: test1 浏览-帖子id: 1
2025-07-08 10:23:16.672 [http-nio-16731-exec-6] INFO  other - 用户id: test1 取消点赞-帖子id: 1
2025-07-08 10:23:18.434 [http-nio-16731-exec-7] INFO  other - 用户id: test1 取消收藏-帖子id: 1
2025-07-08 10:23:21.518 [http-nio-16731-exec-8] INFO  other - 用户id: test1 浏览-帖子id: 1
2025-07-08 10:23:28.864 [http-nio-16731-exec-1] INFO  other - 用户id: test1 浏览-帖子id: 1
2025-07-08 10:26:17.193 [http-nio-16731-exec-7] INFO  other - 用户id: test1 浏览-帖子id: 1
2025-07-08 10:28:38.459 [http-nio-16731-exec-4] INFO  other - 用户id: test1 浏览-帖子id: 1
2025-07-08 10:28:43.168 [http-nio-16731-exec-2] INFO  other - 用户id: test1 浏览-帖子id: 1
2025-07-08 10:28:48.124 [http-nio-16731-exec-6] INFO  other - 用户id: test1 浏览-帖子id: 1
2025-07-08 10:34:48.926 [http-nio-16731-exec-4] INFO  other - 用户id: test1 浏览-帖子id: 1
2025-07-08 10:52:54.555 [http-nio-16731-exec-1] INFO  other - 用户id: test1 浏览-帖子id: 1
2025-07-08 10:52:56.025 [http-nio-16731-exec-2] INFO  other - 用户id: test1 收藏-帖子id: 1
2025-07-08 10:53:24.136 [http-nio-16731-exec-6] INFO  other - 用户id: test1 浏览-帖子id: 1
2025-07-08 10:55:11.349 [http-nio-16731-exec-2] INFO  other - 用户id: test1 浏览-帖子id: 1
2025-07-08 10:56:41.795 [http-nio-16731-exec-7] INFO  other - 用户id: test1 浏览-帖子id: 1
2025-07-08 10:57:05.137 [http-nio-16731-exec-8] INFO  other - 用户id: test1 浏览-帖子id: 1
2025-07-08 10:58:33.255 [http-nio-16731-exec-10] INFO  other - 用户id: test1 浏览-帖子id: 1
2025-07-08 10:58:33.419 [http-nio-16731-exec-1] INFO  other - 用户id: test1 浏览-帖子id: 1
2025-07-08 10:58:35.710 [http-nio-16731-exec-4] INFO  other - 用户id: test1 浏览-帖子id: 1
2025-07-08 10:58:37.967 [http-nio-16731-exec-5] INFO  other - 用户id: test1 浏览-帖子id: 1
2025-07-08 10:58:42.934 [http-nio-16731-exec-7] INFO  other - 用户id: test1 浏览-帖子id: 1
2025-07-08 10:58:48.461 [http-nio-16731-exec-9] INFO  other - 用户id: test1 浏览-帖子id: 1
2025-07-08 10:58:50.959 [http-nio-16731-exec-1] INFO  other - 用户id: test1 浏览-帖子id: 1
2025-07-08 10:59:16.541 [http-nio-16731-exec-4] INFO  other - 用户id: test1 浏览-帖子id: 1
